<?xml version="1.0" encoding="UTF-8"?>
<!-- Generated by org.testng.reporters.JUnitXMLReporter -->
<testsuite hostname="kamlesh" ignored="0" name="Default test" tests="3" failures="0" timestamp="18 Sep 2018 17:39:54 GMT" time="107.739" errors="0">
  <testcase name="VisaFreeTest" time="8.093" classname="com.visaguide.qa.test.VisaGuideTest"/>
  <testcase name="VisaRequiredTest" time="4.591" classname="com.visaguide.qa.test.VisaGuideTest"/>
  <testcase name="VisaTestSameCountry" time="4.602" classname="com.visaguide.qa.test.VisaGuideTest"/>
</testsuite> <!-- Default test -->
